********************************************************************************
DUPLICATOR-LITE PACKAGE-LOG: October 4, 2022 7:46 am
NOTICE: Do NOT post to public sites or forums 
********************************************************************************
VERSION:	1.5.0
WORDPRESS:	6.0.2
PHP INFO:	8.0.10 | SAPI: apache2handler
SERVER:		Apache/2.4.48 (Win64) OpenSSL/1.1.1l PHP/8.0.10 
PHP TIME LIMIT: (0) no time limit imposed 
PHP MAX MEMORY: 4294967296 (1024M default) 
MEMORY STACK: 8MB

********************************************************************************
DATABASE:
********************************************************************************
BUILD MODE:   MYSQLDUMP
MYSQLTIMEOUT: 5000
MYSQLDUMP:    Is Supported
SQL CREATED: 20221004_grtradingtt_579697b827b39fca5737_20221004074612_database.sql
SQL FILE SIZE: 1.7MB (1786620)
SQL FILE TIME: 2022-10-04 07:46:31
SQL RUNTIME: 1.86 sec.

********************************************************************************
ARCHIVE (ZIP):
********************************************************************************
ARCHIVE DIR:  C:/xampp/htdocs/Wordpress_WDPF/wp_tokitheme
ARCHIVE FILE: 20221004_grtradingtt_579697b827b39fca5737_20221004074612_archive.zip
FILTERS: *OFF*
DIRS:
	not set
FILES:
	not set
EXTS:  not set
----------------------------------------
COMPRESSING
SIZE:	66.37MB
STATS:	Dirs 516 | Files 3,691
SQL ADDED: 20221004_grtradingtt_579697b827b39fca5737_20221004074612_database.sql
ZipArchive Object
(
    [lastId] => 4206
    [status] => 0
    [statusSys] => 0
    [numFiles] => 4207
    [filename] => C:\xampp\htdocs\Wordpress_WDPF\wp_tokitheme\wp-content\backups-dup-lite\tmp\20221004_grtradingtt_579697b827b39fca5737_20221004074612_archive.zip
    [comment] => 
)

FILE ADDED TO ZIP: 4206
COMPRESSION RESULT: '1'
COMPRESSED SIZE: 25.35MB
ARCHIVE RUNTIME: 56.38 sec.
MEMORY STACK: 10MB
building installer
ARCHIVE CONSISTENCY TEST: PASS

********************************************************************************
INTEGRITY CHECKS:
********************************************************************************
SQL FILE: 1.7MB
INSTALLER FILE: 73.36KB
ARCHIVE FILE: 27.16MB 
EXPECTED FILE/DIRECTORY COUNT: 4,207
ACTUAL FILE/DIRECTORY COUNT: 4,206
ARCHIVE CONSISTENCY TEST: Pass

********************************************************************************
RECORD ID:[1]
TOTAL PROCESS RUNTIME: 60.95 sec.
PEAK PHP MEMORY USED: 12MB
DONE PROCESSING => 20221004_grtradingtt October 4, 2022 7:47 am

