********************************************************************************
DUPLICATOR-LITE PACKAGE-LOG: October 20, 2022 1:09 pm
NOTICE: Do NOT post to public sites or forums 
********************************************************************************
VERSION:	1.5.0
WORDPRESS:	6.0.2
PHP INFO:	7.4.29 | SAPI: apache2handler
SERVER:		Apache/2.4.53 (Win64) OpenSSL/1.1.1n PHP/7.4.29 
PHP TIME LIMIT: (0) no time limit imposed 
PHP MAX MEMORY: 4294967296 (512M default) 
MEMORY STACK: 2MB

********************************************************************************
DATABASE:
********************************************************************************
BUILD MODE:   MYSQLDUMP
MYSQLTIMEOUT: 5000
MYSQLDUMP:    Is Supported
SQL CREATED: 20221020_dukamarket_f63af9672cf21a496916_20221020130950_database.sql
SQL FILE SIZE: 1.35MB (1419608)
SQL FILE TIME: 2022-10-20 13:09:57
SQL RUNTIME: 1.98 sec.

********************************************************************************
ARCHIVE (ZIP):
********************************************************************************
ARCHIVE DIR:  E:/xampp/htdocs/Wordpress_WDPF/wp_project8_Duka_market
ARCHIVE FILE: 20221020_dukamarket_f63af9672cf21a496916_20221020130950_archive.zip
FILTERS: *OFF*
DIRS:
	not set
FILES:
	not set
EXTS:  not set
----------------------------------------
COMPRESSING
SIZE:	79.04MB
STATS:	Dirs 548 | Files 3,951
SQL ADDED: 20221020_dukamarket_f63af9672cf21a496916_20221020130950_database.sql
ZipArchive Object
(
    [status] => 0
    [statusSys] => 0
    [numFiles] => 4499
    [filename] => E:\xampp\htdocs\Wordpress_WDPF\wp_project8_Duka_market\wp-content\backups-dup-lite\tmp\20221020_dukamarket_f63af9672cf21a496916_20221020130950_archive.zip
    [comment] => 
)

FILE ADDED TO ZIP: 4498
COMPRESSION RESULT: '1'
COMPRESSED SIZE: 32.01MB
ARCHIVE RUNTIME: 36.12 sec.
MEMORY STACK: 4MB
building installer
ARCHIVE CONSISTENCY TEST: PASS

********************************************************************************
INTEGRITY CHECKS:
********************************************************************************
SQL FILE: 1.35MB
INSTALLER FILE: 73.36KB
ARCHIVE FILE: 33.82MB 
EXPECTED FILE/DIRECTORY COUNT: 4,499
ACTUAL FILE/DIRECTORY COUNT: 4,498
ARCHIVE CONSISTENCY TEST: Pass

********************************************************************************
RECORD ID:[1]
TOTAL PROCESS RUNTIME: 39.61 sec.
PEAK PHP MEMORY USED: 6MB
DONE PROCESSING => 20221020_dukamarket October 20, 2022 1:10 pm

