********************************************************************************
DUPLICATOR-LITE PACKAGE-LOG: September 28, 2022 1:06 pm
NOTICE: Do NOT post to public sites or forums 
********************************************************************************
VERSION:	1.5.0
WORDPRESS:	6.0.2
PHP INFO:	7.4.29 | SAPI: apache2handler
SERVER:		Apache/2.4.53 (Win64) OpenSSL/1.1.1n PHP/7.4.29 
PHP TIME LIMIT: (0) no time limit imposed 
PHP MAX MEMORY: 4294967296 (512M default) 
MEMORY STACK: 8MB

********************************************************************************
DATABASE:
********************************************************************************
BUILD MODE:   MYSQLDUMP
MYSQLTIMEOUT: 5000
MYSQLDUMP:    Is Supported
SQL CREATED: 20220927_grtrading2_f68e132354580ff38038_20220928130618_database.sql
SQL FILE SIZE: 1.09MB (1140265)
SQL FILE TIME: 2022-09-28 13:06:31
SQL RUNTIME: 1.34 sec.

********************************************************************************
ARCHIVE (ZIP):
********************************************************************************
ARCHIVE DIR:  E:/xampp/htdocs/WDPF/wordpress1/wdpf51_wp_project2
ARCHIVE FILE: 20220927_grtrading2_f68e132354580ff38038_20220928130618_archive.zip
FILTERS: *OFF*
DIRS:
	not set
FILES:
	not set
EXTS:  not set
----------------------------------------
COMPRESSING
SIZE:	100.22MB
STATS:	Dirs 828 | Files 4,504
SQL ADDED: 20220927_grtrading2_f68e132354580ff38038_20220928130618_database.sql
ZipArchive Object
(
    [status] => 0
    [statusSys] => 0
    [numFiles] => 5332
    [filename] => E:\xampp\htdocs\WDPF\wordpress1\wdpf51_wp_project2\wp-content\backups-dup-lite\tmp\20220927_grtrading2_f68e132354580ff38038_20220928130618_archive.zip
    [comment] => 
)

FILE ADDED TO ZIP: 5331
COMPRESSION RESULT: '1'
COMPRESSED SIZE: 39.04MB
ARCHIVE RUNTIME: 59.91 sec.
MEMORY STACK: 10MB
building installer
ARCHIVE CONSISTENCY TEST: PASS

********************************************************************************
INTEGRITY CHECKS:
********************************************************************************
SQL FILE: 1.09MB
INSTALLER FILE: 73.36KB
ARCHIVE FILE: 40.86MB 
EXPECTED FILE/DIRECTORY COUNT: 5,332
ACTUAL FILE/DIRECTORY COUNT: 5,331
ARCHIVE CONSISTENCY TEST: Pass

********************************************************************************
RECORD ID:[2]
TOTAL PROCESS RUNTIME: 62.86 sec.
PEAK PHP MEMORY USED: 10MB
DONE PROCESSING => 20220927_grtrading2 September 28, 2022 1:07 pm

