********************************************************************************
DUPLICATOR-LITE PACKAGE-LOG: September 27, 2022 12:34 pm
NOTICE: Do NOT post to public sites or forums 
********************************************************************************
VERSION:	1.5.0
WORDPRESS:	6.0.2
PHP INFO:	7.4.29 | SAPI: apache2handler
SERVER:		Apache/2.4.53 (Win64) OpenSSL/1.1.1n PHP/7.4.29 
PHP TIME LIMIT: (0) no time limit imposed 
PHP MAX MEMORY: 4294967296 (512M default) 
MEMORY STACK: 6MB

********************************************************************************
DATABASE:
********************************************************************************
BUILD MODE:   MYSQLDUMP
MYSQLTIMEOUT: 5000
MYSQLDUMP:    Is Supported
SQL CREATED: 20220927_grtrading2_fa97aa6e314170344423_20220927123333_database.sql
SQL FILE SIZE: 1.28MB (1338828)
SQL FILE TIME: 2022-09-27 12:34:43
SQL RUNTIME: 2.45 sec.

********************************************************************************
ARCHIVE (ZIP):
********************************************************************************
ARCHIVE DIR:  E:/xampp/htdocs/WDPF/wordpress1/wdpf51_wp_project2
ARCHIVE FILE: 20220927_grtrading2_fa97aa6e314170344423_20220927123333_archive.zip
FILTERS: *OFF*
DIRS:
	not set
FILES:
	not set
EXTS:  not set
----------------------------------------
COMPRESSING
SIZE:	99.88MB
STATS:	Dirs 825 | Files 4,481
SQL ADDED: 20220927_grtrading2_fa97aa6e314170344423_20220927123333_database.sql
ZipArchive Object
(
    [status] => 0
    [statusSys] => 0
    [numFiles] => 5306
    [filename] => E:\xampp\htdocs\WDPF\wordpress1\wdpf51_wp_project2\wp-content\backups-dup-lite\tmp\20220927_grtrading2_fa97aa6e314170344423_20220927123333_archive.zip
    [comment] => 
)

FILE ADDED TO ZIP: 5305
COMPRESSION RESULT: '1'
COMPRESSED SIZE: 38.74MB
ARCHIVE RUNTIME: 39.30 sec.
MEMORY STACK: 8MB
building installer
ARCHIVE CONSISTENCY TEST: PASS

********************************************************************************
INTEGRITY CHECKS:
********************************************************************************
SQL FILE: 1.28MB
INSTALLER FILE: 73.36KB
ARCHIVE FILE: 40.57MB 
EXPECTED FILE/DIRECTORY COUNT: 5,306
ACTUAL FILE/DIRECTORY COUNT: 5,305
ARCHIVE CONSISTENCY TEST: Pass

********************************************************************************
RECORD ID:[1]
TOTAL PROCESS RUNTIME: 43.29 sec.
PEAK PHP MEMORY USED: 8MB
DONE PROCESSING => 20220927_grtrading2 September 27, 2022 12:35 pm

