********************************************************************************
DUPLICATOR-LITE PACKAGE-LOG: October 4, 2022 1:03 pm
NOTICE: Do NOT post to public sites or forums 
********************************************************************************
VERSION:	1.5.0
WORDPRESS:	6.0.2
PHP INFO:	7.4.29 | SAPI: apache2handler
SERVER:		Apache/2.4.53 (Win64) OpenSSL/1.1.1n PHP/7.4.29 
PHP TIME LIMIT: (0) no time limit imposed 
PHP MAX MEMORY: 4294967296 (512M default) 
MEMORY STACK: 2MB

********************************************************************************
DATABASE:
********************************************************************************
BUILD MODE:   MYSQLDUMP
MYSQLTIMEOUT: 5000
MYSQLDUMP:    Is Supported
SQL CREATED: 20221004_grtradingtt_dea0c35f87f376292174_20221004130342_database.sql
SQL FILE SIZE: 1.17MB (1222907)
SQL FILE TIME: 2022-10-04 13:03:52
SQL RUNTIME: 2.23 sec.

********************************************************************************
ARCHIVE (ZIP):
********************************************************************************
ARCHIVE DIR:  E:/xampp/htdocs/Wordpress_WDPF/tokitheme
ARCHIVE FILE: 20221004_grtradingtt_dea0c35f87f376292174_20221004130342_archive.zip
FILTERS: *OFF*
DIRS:
	not set
FILES:
	not set
EXTS:  not set
----------------------------------------
COMPRESSING
SIZE:	68.38MB
STATS:	Dirs 522 | Files 3,734
SQL ADDED: 20221004_grtradingtt_dea0c35f87f376292174_20221004130342_database.sql
ZipArchive Object
(
    [status] => 0
    [statusSys] => 0
    [numFiles] => 4256
    [filename] => E:\xampp\htdocs\Wordpress_WDPF\tokitheme\wp-content\backups-dup-lite\tmp\20221004_grtradingtt_dea0c35f87f376292174_20221004130342_archive.zip
    [comment] => 
)

FILE ADDED TO ZIP: 4255
COMPRESSION RESULT: '1'
COMPRESSED SIZE: 27.12MB
ARCHIVE RUNTIME: 43.53 sec.
MEMORY STACK: 4MB
building installer
ARCHIVE CONSISTENCY TEST: PASS

********************************************************************************
INTEGRITY CHECKS:
********************************************************************************
SQL FILE: 1.17MB
INSTALLER FILE: 73.36KB
ARCHIVE FILE: 28.93MB 
EXPECTED FILE/DIRECTORY COUNT: 4,256
ACTUAL FILE/DIRECTORY COUNT: 4,255
ARCHIVE CONSISTENCY TEST: Pass

********************************************************************************
RECORD ID:[2]
TOTAL PROCESS RUNTIME: 47.49 sec.
PEAK PHP MEMORY USED: 4MB
DONE PROCESSING => 20221004_grtradingtt October 4, 2022 1:04 pm

